<?xml version="1.0" encoding="UTF-8"?>
<!-- Generated by org.testng.reporters.JUnitReportReporter -->
<testsuite name="com.assign.tests.OrbtizTestCSV" tests="3" time="21.817" ignored="0" failures="0" timestamp="25 Jan 2018 04:17:07 GMT" skipped="0" hostname="ICPL12770" errors="0">
  <testcase name="userSelectAnd" time="6.668" classname="com.assign.tests.OrbtizTestCSV"/>
  <testcase name="userSelectAnd" time="9.478" classname="com.assign.tests.OrbtizTestCSV"/>
  <testcase name="userSelectAnd" time="5.671" classname="com.assign.tests.OrbtizTestCSV"/>
</testsuite> <!-- com.assign.tests.OrbtizTestCSV -->
