<?xml version="1.0" encoding="UTF-8"?>
<!-- Generated by org.testng.reporters.JUnitReportReporter -->
<testsuite name="com.assign.tests.OrbitzTest" tests="1" time="74.884" ignored="0" failures="0" timestamp="25 Jan 2018 12:59:55 GMT" skipped="0" hostname="ICPL12770" errors="0">
  <testcase name="sampleTestCase" time="74.884" classname="com.assign.tests.OrbitzTest"/>
</testsuite> <!-- com.assign.tests.OrbitzTest -->
