<?xml version="1.0" encoding="UTF-8"?>
<!-- Generated by org.testng.reporters.JUnitReportReporter -->
<testsuite name="com.qmetry.qaf.automation.step.client.DataDrivenScenario" tests="1" time="0.000" ignored="1" failures="0" timestamp="19 Jan 2018 10:22:16 GMT" skipped="1" hostname="ICPL12770" errors="0">
  <testcase name="I open Orbtiz application2" time="0.000" classname="com.qmetry.qaf.automation.step.client.DataDrivenScenario">
    <skipped/>
  </testcase> <!-- I open Orbtiz application2 -->
  <testcase name="I open Orbtiz application2" classname="com.qmetry.qaf.automation.step.client.DataDrivenScenario">
    <skipped/>
  </testcase> <!-- I open Orbtiz application2 -->
</testsuite> <!-- com.qmetry.qaf.automation.step.client.DataDrivenScenario -->
