<?xml version="1.0" encoding="UTF-8"?>
<!-- Generated by org.testng.reporters.JUnitReportReporter -->
<testsuite name="com.assign.tests.OrbtizTestCSV" tests="3" time="16.246" ignored="0" failures="0" timestamp="31 Jan 2018 10:58:31 GMT" skipped="0" hostname="ICPL12770" errors="0">
  <testcase name="userSelectAnd" time="4.479" classname="com.assign.tests.OrbtizTestCSV"/>
  <testcase name="userSelectAnd" time="5.062" classname="com.assign.tests.OrbtizTestCSV"/>
  <testcase name="userSelectAnd" time="6.705" classname="com.assign.tests.OrbtizTestCSV"/>
</testsuite> <!-- com.assign.tests.OrbtizTestCSV -->
